2025-11-23 00:58:42,367 [INFO] Activator:176 - 


2025-11-23 00:58:42,368 [INFO] Activator:177 - !SESSION log4j initialized
2025-11-23 00:58:44,547 [INFO] LogOutputStream:77 - [STDOUT_REDIRECT] 
2025-11-23 00:58:46,794 [INFO] ApplicationProperties:184 - Using Application install path: D:\app\ST\STM32CubeIDE_1.19.0\STM32CubeIDE\plugins\com.st.stm32cube.common.mx_6.15.0.202507011659
2025-11-23 00:58:46,807 [INFO] DbMcusXml:78 - Set database path to: D:\app\ST\STM32CubeIDE_1.19.0\STM32CubeIDE\plugins\com.st.stm32cube.common.mx_6.15.0.202507011659\\db\/mcu/
2025-11-23 00:58:46,808 [INFO] ApiDb:274 - Set plugin database path to: D:\app\ST\STM32CubeIDE_1.19.0\STM32CubeIDE\plugins\com.st.stm32cube.common.mx_6.15.0.202507011659\\db\/plugins/boardmanager/
2025-11-23 00:58:46,810 [WARN] ApiDb:259 - Overriding images path with different value:  => D:\app\ST\STM32CubeIDE_1.19.0\STM32CubeIDE\plugins\com.st.stm32cube.common.mx_6.15.0.202507011659\\db\/plugins/mcufinder/images/
2025-11-23 00:58:46,816 [INFO] ApiDb:250 - Set database path to: C:\Users\adam.lin.CORETRONIC\.stmcufinder\plugins\mcufinder//mcu/
2025-11-23 00:58:46,817 [INFO] DbMcusAds:125 - Set database path to: C:\Users\adam.lin.CORETRONIC\.stmcufinder\plugins\mcufinder//mcu/
2025-11-23 00:58:46,819 [INFO] CrossReferenceDbSqlite:203 - Set database path to: C:\Users\adam.lin.CORETRONIC\.stmcufinder\plugins\mcufinder//mcu/cs/
2025-11-23 00:58:46,915 [INFO] RulesReader:64 - Compatibility file has been processed (317 Rules)
2025-11-23 00:58:47,151 [INFO] DbMcusXml:78 - Set database path to: D:\app\ST\STM32CubeIDE_1.19.0\STM32CubeIDE\plugins\com.st.stm32cube.common.mx_6.15.0.202507011659\\db\/mcu/
2025-11-23 00:58:47,151 [INFO] ApiDb:274 - Set plugin database path to: D:\app\ST\STM32CubeIDE_1.19.0\STM32CubeIDE\plugins\com.st.stm32cube.common.mx_6.15.0.202507011659\\db\/plugins/boardmanager/
2025-11-23 00:58:47,152 [INFO] ApiDb:261 - Set plugin images path to: D:\app\ST\STM32CubeIDE_1.19.0\STM32CubeIDE\plugins\com.st.stm32cube.common.mx_6.15.0.202507011659\\db\/plugins/mcufinder/images/
2025-11-23 00:58:47,152 [WARN] DbFile:41 - Overriding database path with different value: C:\Users\adam.lin.CORETRONIC\.stmcufinder\plugins\mcufinder/ => C:\Users\adam.lin.CORETRONIC\.stmcufinder\plugins\mcufinder
2025-11-23 00:58:47,152 [INFO] ApiDb:250 - Set database path to: C:\Users\adam.lin.CORETRONIC\.stmcufinder\plugins\mcufinder//mcu/
2025-11-23 00:58:47,152 [WARN] DbFile:41 - Overriding database path with different value: C:\Users\adam.lin.CORETRONIC\.stmcufinder\plugins\mcufinder/ => C:\Users\adam.lin.CORETRONIC\.stmcufinder\plugins\mcufinder
2025-11-23 00:58:47,152 [INFO] DbMcusAds:125 - Set database path to: C:\Users\adam.lin.CORETRONIC\.stmcufinder\plugins\mcufinder//mcu/
2025-11-23 00:58:47,152 [WARN] DbFile:41 - Overriding database path with different value: C:\Users\adam.lin.CORETRONIC\.stmcufinder\plugins\mcufinder/ => C:\Users\adam.lin.CORETRONIC\.stmcufinder\plugins\mcufinder
2025-11-23 00:58:47,152 [WARN] DbFile:41 - Overriding database path with different value: C:\Users\adam.lin.CORETRONIC\.stmcufinder\plugins\mcufinder/ => C:\Users\adam.lin.CORETRONIC\.stmcufinder\plugins\mcufinder
2025-11-23 00:58:47,152 [INFO] CrossReferenceDbSqlite:203 - Set database path to: C:\Users\adam.lin.CORETRONIC\.stmcufinder\plugins\mcufinder//mcu/cs/
2025-11-23 00:58:47,309 [INFO] MainPanel:274 - HeapMemory: 268435456
2025-11-23 00:58:47,388 [INFO] DbMcusXml:78 - Set database path to: D:\app\ST\STM32CubeIDE_1.19.0\STM32CubeIDE\plugins\com.st.stm32cube.common.mx_6.15.0.202507011659\\db\/mcu/
2025-11-23 00:58:47,388 [INFO] ApiDb:274 - Set plugin database path to: D:\app\ST\STM32CubeIDE_1.19.0\STM32CubeIDE\plugins\com.st.stm32cube.common.mx_6.15.0.202507011659\\db\/plugins/boardmanager/
2025-11-23 00:58:47,388 [INFO] ApiDb:261 - Set plugin images path to: D:\app\ST\STM32CubeIDE_1.19.0\STM32CubeIDE\plugins\com.st.stm32cube.common.mx_6.15.0.202507011659\\db\/plugins/mcufinder/images/
2025-11-23 00:58:47,389 [WARN] DbFile:41 - Overriding database path with different value: C:\Users\adam.lin.CORETRONIC\.stmcufinder\plugins\mcufinder/ => C:\Users\adam.lin.CORETRONIC\.stmcufinder\plugins\mcufinder
2025-11-23 00:58:47,389 [INFO] ApiDb:250 - Set database path to: C:\Users\adam.lin.CORETRONIC\.stmcufinder\plugins\mcufinder//mcu/
2025-11-23 00:58:47,389 [WARN] DbFile:41 - Overriding database path with different value: C:\Users\adam.lin.CORETRONIC\.stmcufinder\plugins\mcufinder/ => C:\Users\adam.lin.CORETRONIC\.stmcufinder\plugins\mcufinder
2025-11-23 00:58:47,389 [INFO] DbMcusAds:125 - Set database path to: C:\Users\adam.lin.CORETRONIC\.stmcufinder\plugins\mcufinder//mcu/
2025-11-23 00:58:47,389 [WARN] DbFile:41 - Overriding database path with different value: C:\Users\adam.lin.CORETRONIC\.stmcufinder\plugins\mcufinder/ => C:\Users\adam.lin.CORETRONIC\.stmcufinder\plugins\mcufinder
2025-11-23 00:58:47,389 [WARN] DbFile:41 - Overriding database path with different value: C:\Users\adam.lin.CORETRONIC\.stmcufinder\plugins\mcufinder/ => C:\Users\adam.lin.CORETRONIC\.stmcufinder\plugins\mcufinder
2025-11-23 00:58:47,389 [INFO] CrossReferenceDbSqlite:203 - Set database path to: C:\Users\adam.lin.CORETRONIC\.stmcufinder\plugins\mcufinder//mcu/cs/
2025-11-23 00:58:47,429 [INFO] ApplicationProperties:184 - Using Application install path: D:\app\ST\STM32CubeIDE_1.19.0\STM32CubeIDE\plugins\com.st.stm32cube.common.mx_6.15.0.202507011659
2025-11-23 00:58:47,430 [INFO] PluginManage:196 - Search for loadable plugins [exclusion list=, ]
2025-11-23 00:58:47,432 [INFO] PluginManage:310 - Check plugin analytics
2025-11-23 00:58:47,639 [INFO] AnalyticsPlugin:253 - Accepted Software Licenses: 
2025-11-23 00:58:47,639 [INFO] AnalyticsPlugin:255 - Accepted CMSIS Pack Licenses: 
2025-11-23 00:58:47,641 [INFO] AnalyticsPlugin:257 - Accepted Firmware Licenses: FW.F4.1.28.0
2025-11-23 00:58:47,649 [INFO] PluginManage:359 - Loaded plugin analytics (category:tool,tabindex:-1)
2025-11-23 00:58:47,650 [INFO] PluginManage:310 - Check plugin cadmodel
2025-11-23 00:58:47,658 [INFO] CADModel:105 - Init CAD model plugin
2025-11-23 00:58:47,658 [INFO] PluginManage:359 - Loaded plugin cadmodel (category:power,tabindex:5)
2025-11-23 00:58:47,659 [INFO] PluginManage:310 - Check plugin clock
2025-11-23 00:58:47,673 [INFO] PluginManage:359 - Loaded plugin clock (category:base,tabindex:2)
2025-11-23 00:58:47,673 [INFO] PluginManage:310 - Check plugin ddr
2025-11-23 00:58:47,677 [INFO] PluginManage:359 - Loaded plugin ddr (category:tool,tabindex:6)
2025-11-23 00:58:47,678 [INFO] PluginManage:310 - Check plugin filemanager
2025-11-23 00:58:47,872 [INFO] PluginManage:359 - Loaded plugin filemanager (category:base,tabindex:10)
2025-11-23 00:58:47,872 [INFO] PluginManage:310 - Check plugin ipmanager
2025-11-23 00:58:47,900 [INFO] PluginManage:359 - Loaded plugin ipmanager (category:base,tabindex:5)
2025-11-23 00:58:47,900 [INFO] PluginManage:310 - Check plugin lpbam
2025-11-23 00:58:47,909 [INFO] PluginManage:359 - Loaded plugin lpbam (category:base,tabindex:0)
2025-11-23 00:58:47,909 [INFO] PluginManage:310 - Check plugin memorymap
2025-11-23 00:58:47,920 [INFO] PluginManage:359 - Loaded plugin memorymap (category:base,tabindex:4)
2025-11-23 00:58:47,920 [INFO] PluginManage:310 - Check plugin pinoutandconfiguration
2025-11-23 00:58:47,925 [INFO] PluginManage:359 - Loaded plugin pinoutandconfiguration (category:base,tabindex:1)
2025-11-23 00:58:47,925 [INFO] PluginManage:310 - Check plugin pinoutconfig
2025-11-23 00:58:47,996 [WARN] SupportedApi:132 - Cannot load RTOS API schema: s4s-elt-must-match.1: The content of 'definitions' must match (annotation?, (simpleType | complexType)?, (unique | key | keyref)*)). A problem was found starting at: attribute.
2025-11-23 00:58:48,086 [INFO] PluginManage:359 - Loaded plugin pinoutconfig (category:base,tabindex:0)
2025-11-23 00:58:48,086 [INFO] PluginManage:310 - Check plugin power
2025-11-23 00:58:48,093 [INFO] PluginManage:359 - Loaded plugin power (category:power,tabindex:4)
2025-11-23 00:58:48,094 [INFO] PluginManage:310 - Check plugin projectmanager
2025-11-23 00:58:48,109 [INFO] PluginManage:359 - Loaded plugin projectmanager (category:projectmanager,tabindex:4)
2025-11-23 00:58:48,109 [INFO] PluginManage:310 - Check plugin rif
2025-11-23 00:58:48,115 [INFO] PluginManage:359 - Loaded plugin rif (category:base,tabindex:3)
2025-11-23 00:58:48,116 [INFO] PluginManage:310 - Check plugin thirdparty
2025-11-23 00:58:48,242 [INFO] PluginManage:359 - Loaded plugin thirdparty (category:base,tabindex:-1)
2025-11-23 00:58:48,242 [WARN] IntegrityCheckThread:84 - waiting for thirdparty lock release [integrity check]
2025-11-23 00:58:48,242 [INFO] PluginManage:310 - Check plugin tools
2025-11-23 00:58:48,242 [INFO] IntegrityCheckThread:86 - entering critical section [integrity check]
2025-11-23 00:58:48,243 [INFO] ThirdPartyUpdaterWithRetryManager:70 - Updater plugin not ready yet. [1/15]
2025-11-23 00:58:48,245 [INFO] PluginManage:359 - Loaded plugin tools (category:base,tabindex:7)
2025-11-23 00:58:48,245 [INFO] PluginManage:310 - Check plugin tutovideos
2025-11-23 00:58:48,401 [INFO] PluginManage:359 - Loaded plugin tutovideos (category:base,tabindex:-1)
2025-11-23 00:58:48,401 [INFO] PluginManage:310 - Check plugin updater
2025-11-23 00:58:48,415 [INFO] PluginManage:359 - Loaded plugin updater (category:base,tabindex:12)
2025-11-23 00:58:48,415 [INFO] PluginManage:310 - Check plugin userauth
2025-11-23 00:58:48,417 [INFO] UserAuth:118 - Init User Auth plugin
2025-11-23 00:58:48,418 [INFO] PluginManage:359 - Loaded plugin userauth (category:base,tabindex:14)
2025-11-23 00:58:48,418 [INFO] PluginManage:283 - PluginManage : Loaded plugins [18]
2025-11-23 00:58:48,810 [INFO] PinOutPanel:1589 - setPackage(No Configuration,No Configuration)
2025-11-23 00:58:49,014 [INFO] CADModel:165 - CPN selected for project level
2025-11-23 00:58:49,014 [INFO] CADModel:114 - Register for checkConnection events
2025-11-23 00:58:49,026 [INFO] IPUIPlugin:80 - create IPUIPlugin
2025-11-23 00:58:49,026 [INFO] PluginManager:220 - loadIPPluginJar : add adc
2025-11-23 00:58:49,029 [INFO] IPUIPlugin:80 - create IPUIPlugin
2025-11-23 00:58:49,029 [INFO] PluginManager:220 - loadIPPluginJar : add aes
2025-11-23 00:58:49,031 [INFO] IPUIPlugin:80 - create IPUIPlugin
2025-11-23 00:58:49,031 [INFO] PluginManager:220 - loadIPPluginJar : add can
2025-11-23 00:58:49,033 [INFO] IPUIPlugin:80 - create IPUIPlugin
2025-11-23 00:58:49,033 [INFO] PluginManager:220 - loadIPPluginJar : add comp
2025-11-23 00:58:49,036 [INFO] IPUIPlugin:80 - create IPUIPlugin
2025-11-23 00:58:49,036 [INFO] PluginManager:220 - loadIPPluginJar : add cryp
2025-11-23 00:58:49,038 [INFO] IPUIPlugin:80 - create IPUIPlugin
2025-11-23 00:58:49,039 [INFO] PluginManager:220 - loadIPPluginJar : add ddr_ctrl_phy
2025-11-23 00:58:49,041 [INFO] IPUIPlugin:80 - create IPUIPlugin
2025-11-23 00:58:49,041 [INFO] PluginManager:220 - loadIPPluginJar : add dfsdm
2025-11-23 00:58:49,046 [INFO] IPUIPlugin:80 - create IPUIPlugin
2025-11-23 00:58:49,046 [INFO] PluginManager:220 - loadIPPluginJar : add dma
2025-11-23 00:58:49,048 [INFO] IPUIPlugin:80 - create IPUIPlugin
2025-11-23 00:58:49,048 [INFO] PluginManager:220 - loadIPPluginJar : add dma3
2025-11-23 00:58:49,050 [INFO] IPUIPlugin:80 - create IPUIPlugin
2025-11-23 00:58:49,050 [INFO] PluginManager:220 - loadIPPluginJar : add extmemmanager
2025-11-23 00:58:49,052 [INFO] IPUIPlugin:80 - create IPUIPlugin
2025-11-23 00:58:49,052 [INFO] PluginManager:220 - loadIPPluginJar : add fatfs
2025-11-23 00:58:49,055 [INFO] IPUIPlugin:80 - create IPUIPlugin
2025-11-23 00:58:49,055 [INFO] PluginManager:220 - loadIPPluginJar : add fmc
2025-11-23 00:58:49,059 [INFO] IPUIPlugin:80 - create IPUIPlugin
2025-11-23 00:58:49,059 [INFO] PluginManager:220 - loadIPPluginJar : add freertos
2025-11-23 00:58:49,061 [INFO] IPUIPlugin:80 - create IPUIPlugin
2025-11-23 00:58:49,061 [INFO] PluginManager:220 - loadIPPluginJar : add genericplugin
2025-11-23 00:58:49,063 [INFO] IPUIPlugin:80 - create IPUIPlugin
2025-11-23 00:58:49,064 [INFO] PluginManager:220 - loadIPPluginJar : add gfxmmu
2025-11-23 00:58:49,068 [INFO] IPUIPlugin:80 - create IPUIPlugin
2025-11-23 00:58:49,068 [INFO] PluginManager:220 - loadIPPluginJar : add gic
2025-11-23 00:58:49,071 [INFO] IPUIPlugin:80 - create IPUIPlugin
2025-11-23 00:58:49,071 [INFO] PluginManager:220 - loadIPPluginJar : add gpio
2025-11-23 00:58:49,073 [INFO] IPUIPlugin:80 - create IPUIPlugin
2025-11-23 00:58:49,073 [INFO] PluginManager:220 - loadIPPluginJar : add gtzc
2025-11-23 00:58:49,075 [INFO] IPUIPlugin:80 - create IPUIPlugin
2025-11-23 00:58:49,076 [INFO] PluginManager:220 - loadIPPluginJar : add hash
2025-11-23 00:58:49,079 [INFO] IPUIPlugin:80 - create IPUIPlugin
2025-11-23 00:58:49,079 [INFO] PluginManager:220 - loadIPPluginJar : add i2c
2025-11-23 00:58:49,082 [INFO] IPUIPlugin:80 - create IPUIPlugin
2025-11-23 00:58:49,082 [INFO] PluginManager:220 - loadIPPluginJar : add i2s
2025-11-23 00:58:49,084 [INFO] IPUIPlugin:80 - create IPUIPlugin
2025-11-23 00:58:49,084 [INFO] PluginManager:220 - loadIPPluginJar : add i3c
2025-11-23 00:58:49,087 [INFO] IPUIPlugin:80 - create IPUIPlugin
2025-11-23 00:58:49,087 [INFO] PluginManager:220 - loadIPPluginJar : add ipddr
2025-11-23 00:58:49,092 [INFO] IPUIPlugin:80 - create IPUIPlugin
2025-11-23 00:58:49,092 [INFO] PluginManager:220 - loadIPPluginJar : add linkedlist
2025-11-23 00:58:49,097 [INFO] IPUIPlugin:80 - create IPUIPlugin
2025-11-23 00:58:49,097 [INFO] PluginManager:220 - loadIPPluginJar : add lorawan
2025-11-23 00:58:49,099 [INFO] IPUIPlugin:80 - create IPUIPlugin
2025-11-23 00:58:49,099 [INFO] PluginManager:220 - loadIPPluginJar : add ltdc
2025-11-23 00:58:49,103 [INFO] IPUIPlugin:80 - create IPUIPlugin
2025-11-23 00:58:49,103 [INFO] PluginManager:220 - loadIPPluginJar : add mdma
2025-11-23 00:58:49,105 [INFO] IPUIPlugin:80 - create IPUIPlugin
2025-11-23 00:58:49,106 [INFO] PluginManager:220 - loadIPPluginJar : add nvic
2025-11-23 00:58:49,108 [INFO] IPUIPlugin:80 - create IPUIPlugin
2025-11-23 00:58:49,108 [INFO] PluginManager:220 - loadIPPluginJar : add opamp
2025-11-23 00:58:49,110 [INFO] IPUIPlugin:80 - create IPUIPlugin
2025-11-23 00:58:49,110 [INFO] PluginManager:220 - loadIPPluginJar : add openamp
2025-11-23 00:58:49,113 [INFO] IPUIPlugin:80 - create IPUIPlugin
2025-11-23 00:58:49,113 [INFO] PluginManager:220 - loadIPPluginJar : add pdm2pcm
2025-11-23 00:58:49,119 [INFO] IPUIPlugin:80 - create IPUIPlugin
2025-11-23 00:58:49,120 [INFO] PluginManager:220 - loadIPPluginJar : add plateformsettings
2025-11-23 00:58:49,123 [INFO] IPUIPlugin:80 - create IPUIPlugin
2025-11-23 00:58:49,123 [INFO] PluginManager:220 - loadIPPluginJar : add quadspi
2025-11-23 00:58:49,125 [INFO] IPUIPlugin:80 - create IPUIPlugin
2025-11-23 00:58:49,126 [INFO] PluginManager:220 - loadIPPluginJar : add radio
2025-11-23 00:58:49,130 [INFO] IPUIPlugin:80 - create IPUIPlugin
2025-11-23 00:58:49,130 [INFO] PluginManager:220 - loadIPPluginJar : add resmgrutility
2025-11-23 00:58:49,133 [INFO] IPUIPlugin:80 - create IPUIPlugin
2025-11-23 00:58:49,133 [INFO] PluginManager:220 - loadIPPluginJar : add sai
2025-11-23 00:58:49,135 [INFO] IPUIPlugin:80 - create IPUIPlugin
2025-11-23 00:58:49,136 [INFO] PluginManager:220 - loadIPPluginJar : add spi
2025-11-23 00:58:49,140 [INFO] IPUIPlugin:80 - create IPUIPlugin
2025-11-23 00:58:49,140 [INFO] PluginManager:220 - loadIPPluginJar : add stm32_wpan
2025-11-23 00:58:49,141 [INFO] IPUIPlugin:80 - create IPUIPlugin
2025-11-23 00:58:49,141 [INFO] PluginManager:220 - loadIPPluginJar : add tim
2025-11-23 00:58:49,145 [INFO] IPUIPlugin:80 - create IPUIPlugin
2025-11-23 00:58:49,145 [INFO] PluginManager:220 - loadIPPluginJar : add touchsensing
2025-11-23 00:58:49,147 [INFO] IPUIPlugin:80 - create IPUIPlugin
2025-11-23 00:58:49,148 [INFO] PluginManager:220 - loadIPPluginJar : add tracer_emb
2025-11-23 00:58:49,150 [INFO] IPUIPlugin:80 - create IPUIPlugin
2025-11-23 00:58:49,150 [INFO] PluginManager:220 - loadIPPluginJar : add ts
2025-11-23 00:58:49,152 [INFO] IPUIPlugin:80 - create IPUIPlugin
2025-11-23 00:58:49,152 [INFO] PluginManager:220 - loadIPPluginJar : add tsc
2025-11-23 00:58:49,154 [INFO] IPUIPlugin:80 - create IPUIPlugin
2025-11-23 00:58:49,154 [INFO] PluginManager:220 - loadIPPluginJar : add ucpd
2025-11-23 00:58:49,157 [INFO] IPUIPlugin:80 - create IPUIPlugin
2025-11-23 00:58:49,157 [INFO] PluginManager:220 - loadIPPluginJar : add usart
2025-11-23 00:58:49,160 [INFO] IPUIPlugin:80 - create IPUIPlugin
2025-11-23 00:58:49,161 [INFO] PluginManager:220 - loadIPPluginJar : add usbx
2025-11-23 00:58:49,358 [FATAL] Updater:351 - Updater called before beeing initialized
2025-11-23 00:58:49,380 [INFO] RulesReader:64 - Compatibility file has been processed (317 Rules)
2025-11-23 00:58:49,396 [INFO] RulesReader:64 - Compatibility file has been processed (317 Rules)
2025-11-23 00:58:49,404 [INFO] CADModel:165 - CPN selected for project level
2025-11-23 00:58:49,404 [INFO] CADModel:114 - Register for checkConnection events
2025-11-23 00:58:49,404 [FATAL] Updater:351 - Updater called before beeing initialized
2025-11-23 00:58:49,404 [ERROR] CADModel:125 - Updater not yet initialized, retry later 
2025-11-23 00:58:49,559 [FATAL] Updater:351 - Updater called before beeing initialized
2025-11-23 00:58:49,561 [INFO] CADModel:165 - CPN selected for project level
2025-11-23 00:58:49,561 [INFO] CADModel:114 - Register for checkConnection events
2025-11-23 00:58:49,561 [FATAL] Updater:351 - Updater called before beeing initialized
2025-11-23 00:58:49,562 [ERROR] CADModel:125 - Updater not yet initialized, retry later 
2025-11-23 00:58:49,564 [FATAL] Updater:351 - Updater called before beeing initialized
2025-11-23 00:58:49,784 [FATAL] Updater:351 - Updater called before beeing initialized
2025-11-23 00:58:49,787 [INFO] DbMcusAds:53 - JSON generation date=Mon Nov 10 18:43:00 CST 2025 (1762771380761)
2025-11-23 00:58:49,788 [FATAL] Updater:351 - Updater called before beeing initialized
2025-11-23 00:58:49,820 [WARN] DetailPanel:346 - Failed to get advertising image, set to default
2025-11-23 00:58:49,930 [FATAL] Updater:351 - Updater called before beeing initialized
2025-11-23 00:58:49,931 [FATAL] Updater:351 - Updater called before beeing initialized
2025-11-23 00:58:49,931 [FATAL] Updater:351 - Updater called before beeing initialized
2025-11-23 00:58:49,931 [WARN] DetailPanel:346 - Failed to get advertising image, set to default
2025-11-23 00:58:49,932 [FATAL] Updater:351 - Updater called before beeing initialized
2025-11-23 00:58:49,999 [ERROR] Updater:1198 - MainUpdater not yet initialized. External WinMGr cannot be set.
2025-11-23 00:58:50,001 [INFO] Updater:1134 - Updater Version found : 6.15.0
2025-11-23 00:58:50,012 [INFO] ApplicationProperties:184 - Using Application install path: D:\app\ST\STM32CubeIDE_1.19.0\STM32CubeIDE\plugins\com.st.stm32cube.common.mx_6.15.0.202507011659
2025-11-23 00:58:51,244 [INFO] ThirdPartyUpdaterWithRetryManager:70 - Updater plugin not ready yet. [2/15]
2025-11-23 00:58:51,590 [ERROR] LogOutputStream:75 - [STDERR_REDIRECT] Nov 23, 2025 12:58:51 AM java.util.prefs.WindowsPreferences <init>
2025-11-23 00:58:51,591 [ERROR] LogOutputStream:75 - [STDERR_REDIRECT] WARNING: Could not open/create prefs root node Software\JavaSoft\Prefs at root 0xffffffff80000002. Windows RegCreateKeyEx(...) returned error code 5.
2025-11-23 00:58:51,592 [ERROR] LogOutputStream:75 - [STDERR_REDIRECT] 
2025-11-23 00:58:51,871 [INFO] MainUpdater:2872 - connection check result : 10
2025-11-23 00:58:51,872 [INFO] MainUpdater:289 - Updater Check For Update Now.
2025-11-23 00:58:51,872 [INFO] MicroXplorer:498 - Change Database Version : DB.6.0.150
2025-11-23 00:58:51,877 [INFO] McuFinderGlobals:63 - Set McuFinder mode to 2 (CubeIDE integrated)
2025-11-23 00:58:51,879 [INFO] UserAuth:487 - Internet connection configuration mode: 1
2025-11-23 00:58:51,912 [INFO] JxBrowserEngine:152 - Initiate JxBrowser Engine with user profile folder
2025-11-23 00:58:52,068 [INFO] CheckServerUpdateThread:120 - End of CheckServer Thread
2025-11-23 00:58:52,636 [INFO] WebApp:169 - Instantiating new browser for Auth
2025-11-23 00:58:53,371 [INFO] WebApp:463 - Apply proxy settings
2025-11-23 00:58:53,372 [INFO] WebApp:548 - Chromium requires no authentication
2025-11-23 00:58:53,377 [INFO] WebApp:491 - Direct internet connection detected
2025-11-23 00:58:53,392 [INFO] WebApp:900 - Register for checkConnection events
2025-11-23 00:58:53,392 [INFO] WebApp:463 - Apply proxy settings
2025-11-23 00:58:53,392 [INFO] WebApp:548 - Chromium requires no authentication
2025-11-23 00:58:53,393 [INFO] WebApp:491 - Direct internet connection detected
2025-11-23 00:58:53,494 [INFO] WebApp:225 - Starting web application
2025-11-23 00:58:53,494 [INFO] WebApp:593 - Web application path used D:\app\ST\STM32CubeIDE_1.19.0\STM32CubeIDE\plugins\com.st.stm32cube.common.mx_6.15.0.202507011659\db\plugins\mcufinder\reactClient1\index.html
2025-11-23 00:58:53,573 [INFO] UserAuth:487 - Internet connection configuration mode: 1
2025-11-23 00:58:53,668 [INFO] WebApp:191 - Connection restablished
2025-11-23 00:58:54,587 [WARN] PackLoader:240 - Cannot read IP mode file for STMicroelectronics.FP-SNS-MOTENVWB1.1.4.0
2025-11-23 00:58:54,595 [WARN] PackLoader:240 - Cannot read IP mode file for STMicroelectronics.FP-ATR-ASTRA1.2.0.2
2025-11-23 00:58:54,603 [WARN] PackLoader:240 - Cannot read IP mode file for STMicroelectronics.X-CUBE-SMBUS.2.1.0
2025-11-23 00:58:54,632 [WARN] PackLoader:240 - Cannot read IP mode file for STMicroelectronics.X-CUBE-AZRTOS-F7.1.1.0
2025-11-23 00:58:54,650 [WARN] PackLoader:240 - Cannot read IP mode file for Cesanta.I-CUBE-Mongoose.7.19.0
2025-11-23 00:58:54,660 [WARN] PackLoader:240 - Cannot read IP mode file for STMicroelectronics.FP-SNS-MOTENV1.5.1.0
2025-11-23 00:58:54,683 [WARN] PackLoader:240 - Cannot read IP mode file for WES.I-CUBE-Cesium.1.4.0
2025-11-23 00:58:54,716 [WARN] PackLoader:240 - Cannot read IP mode file for Infineon.AIROC-Wi-Fi-Bluetooth-STM32.1.7.1
2025-11-23 00:58:54,746 [WARN] PackLoader:240 - Cannot read IP mode file for STMicroelectronics.X-CUBE-AZRTOS-H7.3.4.0
2025-11-23 00:58:54,757 [WARN] PackLoader:240 - Cannot read IP mode file for STMicroelectronics.X-CUBE-DISPLAY.3.0.0
2025-11-23 00:58:54,775 [WARN] PackLoader:240 - Cannot read IP mode file for STMicroelectronics.X-CUBE-NFC10.1.0.0
2025-11-23 00:58:54,786 [WARN] PackLoader:240 - Cannot read IP mode file for STMicroelectronics.X-CUBE-ST60.1.1.0
2025-11-23 00:58:54,794 [WARN] PackLoader:240 - Cannot read IP mode file for emotas.I-CUBE-CANOPEN.1.3.0
2025-11-23 00:58:54,801 [WARN] PackLoader:240 - Cannot read IP mode file for STMicroelectronics.X-CUBE-GNSS1.7.1.0
2025-11-23 00:58:54,810 [WARN] PackLoader:240 - Cannot read IP mode file for STMicroelectronics.FP-SNS-STBOX1.2.1.0
2025-11-23 00:58:54,818 [WARN] PackLoader:240 - Cannot read IP mode file for STMicroelectronics.FP-SNS-SMARTAG2.1.2.0
2025-11-23 00:58:54,823 [WARN] PackLoader:240 - Cannot read IP mode file for STMicroelectronics.FP-SNS-FLIGHT1.5.1.0
2025-11-23 00:58:54,833 [INFO] LogOutputStream:77 - [STDOUT_REDIRECT] 1 : Invalid condition id : UX_CORESTACK_Condition cause : null
2025-11-23 00:58:54,835 [INFO] LogOutputStream:77 - [STDOUT_REDIRECT] 1 : Invalid condition id : UX_CORESTACK_Condition cause : null
2025-11-23 00:58:54,837 [INFO] LogOutputStream:77 - [STDOUT_REDIRECT] 1 : Invalid condition id : UX_CORESTACK_Condition cause : null
2025-11-23 00:58:54,838 [INFO] LogOutputStream:77 - [STDOUT_REDIRECT] 1 : Invalid condition id : UX_CORESTACK_Condition cause : null
2025-11-23 00:58:54,839 [INFO] LogOutputStream:77 - [STDOUT_REDIRECT] 1 : Invalid condition id : UX_CORESTACK_Condition cause : null
2025-11-23 00:58:54,842 [WARN] PackLoader:240 - Cannot read IP mode file for STMicroelectronics.X-CUBE-AZRTOS-WL.2.0.0
2025-11-23 00:58:54,865 [WARN] PackLoader:240 - Cannot read IP mode file for STMicroelectronics.X-CUBE-AZRTOS-H7RS.1.2.0
2025-11-23 00:58:54,878 [WARN] PackLoader:240 - Cannot read IP mode file for STMicroelectronics.X-CUBE-BLE2.3.3.0
2025-11-23 00:58:54,938 [WARN] PackLoader:240 - Cannot read IP mode file for STMicroelectronics.X-CUBE-NFC9.1.0.0
2025-11-23 00:58:54,949 [WARN] PackLoader:240 - Cannot read IP mode file for wolfSSL.I-CUBE-wolfSSL.5.8.2
2025-11-23 00:58:54,957 [WARN] PackLoader:240 - Cannot read IP mode file for STMicroelectronics.X-CUBE-BLE1.7.1.0
2025-11-23 00:58:54,965 [WARN] PackLoader:240 - Cannot read IP mode file for wolfSSL.I-CUBE-wolfMQTT.1.19.2
2025-11-23 00:58:54,972 [WARN] PackLoader:240 - Cannot read IP mode file for STMicroelectronics.X-CUBE-FREERTOS.1.4.0
2025-11-23 00:58:54,981 [WARN] PackLoader:240 - Cannot read IP mode file for STMicroelectronics.X-CUBE-EEPRMA1.5.2.0
2025-11-23 00:58:54,990 [WARN] PackLoader:240 - Cannot read IP mode file for STMicroelectronics.X-CUBE-ST67W61.1.1.0
2025-11-23 00:58:55,005 [WARN] PackLoader:240 - Cannot read IP mode file for STMicroelectronics.X-CUBE-AZRTOS-G0.1.1.0
2025-11-23 00:58:55,015 [WARN] PackLoader:240 - Cannot read IP mode file for STMicroelectronics.X-CUBE-SAFEA1.1.2.2
2025-11-23 00:58:55,022 [WARN] PackLoader:240 - Cannot read IP mode file for STMicroelectronics.X-CUBE-NFC4.3.0.0
2025-11-23 00:58:55,031 [WARN] PackLoader:240 - Cannot read IP mode file for EmbeddedOffice.I-CUBE-FS-RTOS.1.0.1
2025-11-23 00:58:55,038 [WARN] PackLoader:240 - Cannot read IP mode file for STMicroelectronics.X-CUBE-WB05N.2.0.0
2025-11-23 00:58:55,043 [WARN] PackLoader:240 - Cannot read IP mode file for wolfSSL.I-CUBE-wolfTPM.3.8.0
2025-11-23 00:58:55,049 [WARN] PackLoader:240 - Cannot read IP mode file for STMicroelectronics.X-CUBE-TCPP.4.2.0
2025-11-23 00:58:55,056 [WARN] PackLoader:240 - Cannot read IP mode file for RealThread.X-CUBE-RT-Thread_Nano.4.1.1
2025-11-23 00:58:55,062 [WARN] PackLoader:240 - Cannot read IP mode file for STMicroelectronics.FP-ATR-SIGFOX1.3.2.0
2025-11-23 00:58:55,071 [WARN] PackLoader:240 - Cannot read IP mode file for ITTIA_DB.I-CUBE-ITTIADB.8.9.0
2025-11-23 00:58:55,077 [WARN] PackLoader:240 - Cannot read IP mode file for STMicroelectronics.X-CUBE-AI.10.2.0
2025-11-23 00:58:55,093 [WARN] PackLoader:240 - Cannot read IP mode file for SEGGER.I-CUBE-embOS.1.3.1
2025-11-23 00:58:55,125 [WARN] PackLoader:240 - Cannot read IP mode file for STMicroelectronics.X-CUBE-ALGOBUILD.1.4.0
2025-11-23 00:58:55,200 [WARN] PackLoader:240 - Cannot read IP mode file for STMicroelectronics.X-CUBE-MEMS1.11.3.0
2025-11-23 00:58:55,391 [WARN] PackLoader:240 - Cannot read IP mode file for STMicroelectronics.X-CUBE-PM33A1.1.0.0
2025-11-23 00:58:55,413 [WARN] PackLoader:240 - Cannot read IP mode file for STMicroelectronics.X-CUBE-AZRTOS-F4.1.1.0
2025-11-23 00:58:55,424 [WARN] PackLoader:240 - Cannot read IP mode file for STMicroelectronics.X-CUBE-ISPU.2.1.0
2025-11-23 00:58:55,443 [WARN] PackLoader:240 - Cannot read IP mode file for STMicroelectronics.X-CUBE-IPS.3.2.0
2025-11-23 00:58:55,474 [WARN] PackLoader:240 - Cannot read IP mode file for STMicroelectronics.X-CUBE-NFC12.1.0.0
2025-11-23 00:58:55,493 [WARN] PackLoader:240 - Cannot read IP mode file for STMicroelectronics.X-CUBE-AZRTOS-L5.2.0.0
2025-11-23 00:58:55,504 [WARN] PackLoader:240 - Cannot read IP mode file for STMicroelectronics.X-CUBE-NFC6.3.1.0
2025-11-23 00:58:55,512 [WARN] PackLoader:240 - Cannot read IP mode file for STMicroelectronics.X-CUBE-FREERTOS.1.3.1
2025-11-23 00:58:55,521 [WARN] PackLoader:240 - Cannot read IP mode file for STMicroelectronics.X-CUBE-TOUCHGFX.4.26.0
2025-11-23 00:58:55,534 [WARN] PackLoader:240 - Cannot read IP mode file for STMicroelectronics.FP-SNS-STAIOTCFT.1.0.0
2025-11-23 00:58:55,540 [WARN] PackLoader:240 - Cannot read IP mode file for STMicroelectronics.X-CUBE-DPower.1.3.0
2025-11-23 00:58:55,571 [WARN] ConditionMgr:438 - getConditionDescription Invalid condition id : LAN8742 Phy interface Condition cause : null
2025-11-23 00:58:55,571 [WARN] PackLoader:240 - Cannot read IP mode file for STMicroelectronics.X-CUBE-AZRTOS-L4.2.0.0
2025-11-23 00:58:55,574 [WARN] ConditionMgr:1044 - genDependencies : Invalid condition id : LAN8742 Phy interface Condition cause : null
2025-11-23 00:58:55,574 [WARN] ConditionMgr:1044 - genDependencies : Invalid condition id : LAN8742 Phy interface Condition cause : null
2025-11-23 00:58:55,575 [WARN] ConditionMgr:1044 - genDependencies : Invalid condition id : LAN8742 Phy interface Condition cause : null
2025-11-23 00:58:55,596 [WARN] PackLoader:240 - Cannot read IP mode file for STMicroelectronics.X-CUBE-SFXS2LP1.4.0.0
2025-11-23 00:58:55,614 [WARN] PackLoader:240 - Cannot read IP mode file for STMicroelectronics.X-CUBE-BLEMGR.4.1.0
2025-11-23 00:58:55,627 [WARN] ConditionMgr:438 - getConditionDescription Invalid condition id : UX DEVICE CLASS RTOS Condition cause : null
2025-11-23 00:58:55,628 [WARN] ConditionMgr:438 - getConditionDescription Invalid condition id : UX DEVICE CLASS RTOS Condition cause : null
2025-11-23 00:58:55,630 [WARN] PackLoader:240 - Cannot read IP mode file for STMicroelectronics.X-CUBE-AZRTOS-WB.2.0.0
2025-11-23 00:58:55,631 [WARN] ConditionMgr:1044 - genDependencies : Invalid condition id : UX DEVICE CLASS RTOS Condition cause : null
2025-11-23 00:58:55,631 [WARN] ConditionMgr:1044 - genDependencies : Invalid condition id : UX DEVICE CLASS RTOS Condition cause : null
2025-11-23 00:58:55,632 [WARN] ConditionMgr:1044 - genDependencies : Invalid condition id : UX DEVICE CLASS RTOS Condition cause : null
2025-11-23 00:58:55,632 [WARN] ConditionMgr:1044 - genDependencies : Invalid condition id : UX DEVICE CLASS RTOS Condition cause : null
2025-11-23 00:58:55,632 [WARN] ConditionMgr:1044 - genDependencies : Invalid condition id : UX DEVICE CLASS RTOS Condition cause : null
2025-11-23 00:58:55,663 [WARN] ConditionMgr:438 - getConditionDescription Invalid condition id : Cortex-A Device cause : null
2025-11-23 00:58:55,689 [WARN] ConditionMgr:1044 - genDependencies : Invalid condition id : Cortex-A Device cause : null
2025-11-23 00:58:55,690 [WARN] ConditionMgr:1044 - genDependencies : Invalid condition id : Cortex-A Device cause : null
2025-11-23 00:58:55,690 [WARN] ConditionMgr:1044 - genDependencies : Invalid condition id : Cortex-A Device cause : null
2025-11-23 00:58:55,699 [WARN] PackLoader:240 - Cannot read IP mode file for STMicroelectronics.X-CUBE-SUBG2.5.0.0
2025-11-23 00:58:55,711 [WARN] PackLoader:240 - Cannot read IP mode file for STMicroelectronics.X-CUBE-AZRTOS-H7RS.1.1.0
2025-11-23 00:58:55,722 [WARN] PackLoader:240 - Cannot read IP mode file for STMicroelectronics.X-CUBE-AZRTOS-G4.2.0.0
2025-11-23 00:58:55,731 [WARN] PackLoader:240 - Cannot read IP mode file for wolfSSL.I-CUBE-wolfSSH.1.4.20
2025-11-23 00:58:55,739 [WARN] PackLoader:240 - Cannot read IP mode file for STMicroelectronics.X-CUBE-NFC7.2.0.0
2025-11-23 00:58:55,747 [WARN] PackLoader:240 - Cannot read IP mode file for STMicroelectronics.X-CUBE-ALS.1.0.2
2025-11-23 00:58:55,758 [WARN] PackLoader:240 - Cannot read IP mode file for STMicroelectronics.X-CUBE-STSE01.1.0.0
2025-11-23 00:58:55,774 [WARN] PackLoader:240 - Cannot read IP mode file for STMicroelectronics.X-CUBE-TOF1.3.4.3
2025-11-23 00:58:55,781 [INFO] ThirdParty:978 - Integrity check success = true
2025-11-23 00:58:55,781 [INFO] IntegrityCheckThread:100 - exiting critical section [integrity check]
2025-11-23 00:58:55,781 [INFO] IntegrityCheckThread:103 - End integrity checks thread
2025-11-23 01:02:51,910 [ERROR] LogOutputStream:75 - [STDERR_REDIRECT] 
2025-11-23 01:03:44,232 [INFO] Activator:176 - 


2025-11-23 01:03:44,233 [INFO] Activator:177 - !SESSION log4j initialized
2025-11-23 01:03:46,992 [INFO] LogOutputStream:77 - [STDOUT_REDIRECT] 
2025-11-23 01:03:49,341 [INFO] ApplicationProperties:184 - Using Application install path: D:\app\ST\STM32CubeIDE_1.19.0\STM32CubeIDE\plugins\com.st.stm32cube.common.mx_6.15.0.202507011659
2025-11-23 01:03:49,355 [INFO] DbMcusXml:78 - Set database path to: D:\app\ST\STM32CubeIDE_1.19.0\STM32CubeIDE\plugins\com.st.stm32cube.common.mx_6.15.0.202507011659\\db\/mcu/
2025-11-23 01:03:49,355 [INFO] ApiDb:274 - Set plugin database path to: D:\app\ST\STM32CubeIDE_1.19.0\STM32CubeIDE\plugins\com.st.stm32cube.common.mx_6.15.0.202507011659\\db\/plugins/boardmanager/
2025-11-23 01:03:49,356 [WARN] ApiDb:259 - Overriding images path with different value:  => D:\app\ST\STM32CubeIDE_1.19.0\STM32CubeIDE\plugins\com.st.stm32cube.common.mx_6.15.0.202507011659\\db\/plugins/mcufinder/images/
2025-11-23 01:03:49,360 [INFO] ApiDb:250 - Set database path to: C:\Users\adam.lin.CORETRONIC\.stmcufinder\plugins\mcufinder//mcu/
2025-11-23 01:03:49,361 [INFO] DbMcusAds:125 - Set database path to: C:\Users\adam.lin.CORETRONIC\.stmcufinder\plugins\mcufinder//mcu/
2025-11-23 01:03:49,363 [INFO] CrossReferenceDbSqlite:203 - Set database path to: C:\Users\adam.lin.CORETRONIC\.stmcufinder\plugins\mcufinder//mcu/cs/
2025-11-23 01:03:49,462 [INFO] RulesReader:64 - Compatibility file has been processed (317 Rules)
2025-11-23 01:03:49,672 [INFO] DbMcusXml:78 - Set database path to: D:\app\ST\STM32CubeIDE_1.19.0\STM32CubeIDE\plugins\com.st.stm32cube.common.mx_6.15.0.202507011659\\db\/mcu/
2025-11-23 01:03:49,672 [INFO] ApiDb:274 - Set plugin database path to: D:\app\ST\STM32CubeIDE_1.19.0\STM32CubeIDE\plugins\com.st.stm32cube.common.mx_6.15.0.202507011659\\db\/plugins/boardmanager/
2025-11-23 01:03:49,672 [INFO] ApiDb:261 - Set plugin images path to: D:\app\ST\STM32CubeIDE_1.19.0\STM32CubeIDE\plugins\com.st.stm32cube.common.mx_6.15.0.202507011659\\db\/plugins/mcufinder/images/
2025-11-23 01:03:49,672 [WARN] DbFile:41 - Overriding database path with different value: C:\Users\adam.lin.CORETRONIC\.stmcufinder\plugins\mcufinder/ => C:\Users\adam.lin.CORETRONIC\.stmcufinder\plugins\mcufinder
2025-11-23 01:03:49,672 [INFO] ApiDb:250 - Set database path to: C:\Users\adam.lin.CORETRONIC\.stmcufinder\plugins\mcufinder//mcu/
2025-11-23 01:03:49,672 [WARN] DbFile:41 - Overriding database path with different value: C:\Users\adam.lin.CORETRONIC\.stmcufinder\plugins\mcufinder/ => C:\Users\adam.lin.CORETRONIC\.stmcufinder\plugins\mcufinder
2025-11-23 01:03:49,673 [INFO] DbMcusAds:125 - Set database path to: C:\Users\adam.lin.CORETRONIC\.stmcufinder\plugins\mcufinder//mcu/
2025-11-23 01:03:49,673 [WARN] DbFile:41 - Overriding database path with different value: C:\Users\adam.lin.CORETRONIC\.stmcufinder\plugins\mcufinder/ => C:\Users\adam.lin.CORETRONIC\.stmcufinder\plugins\mcufinder
2025-11-23 01:03:49,673 [WARN] DbFile:41 - Overriding database path with different value: C:\Users\adam.lin.CORETRONIC\.stmcufinder\plugins\mcufinder/ => C:\Users\adam.lin.CORETRONIC\.stmcufinder\plugins\mcufinder
2025-11-23 01:03:49,673 [INFO] CrossReferenceDbSqlite:203 - Set database path to: C:\Users\adam.lin.CORETRONIC\.stmcufinder\plugins\mcufinder//mcu/cs/
2025-11-23 01:03:49,827 [INFO] MainPanel:274 - HeapMemory: 268435456
2025-11-23 01:03:49,899 [INFO] DbMcusXml:78 - Set database path to: D:\app\ST\STM32CubeIDE_1.19.0\STM32CubeIDE\plugins\com.st.stm32cube.common.mx_6.15.0.202507011659\\db\/mcu/
2025-11-23 01:03:49,899 [INFO] ApiDb:274 - Set plugin database path to: D:\app\ST\STM32CubeIDE_1.19.0\STM32CubeIDE\plugins\com.st.stm32cube.common.mx_6.15.0.202507011659\\db\/plugins/boardmanager/
2025-11-23 01:03:49,899 [INFO] ApiDb:261 - Set plugin images path to: D:\app\ST\STM32CubeIDE_1.19.0\STM32CubeIDE\plugins\com.st.stm32cube.common.mx_6.15.0.202507011659\\db\/plugins/mcufinder/images/
2025-11-23 01:03:49,899 [WARN] DbFile:41 - Overriding database path with different value: C:\Users\adam.lin.CORETRONIC\.stmcufinder\plugins\mcufinder/ => C:\Users\adam.lin.CORETRONIC\.stmcufinder\plugins\mcufinder
2025-11-23 01:03:49,899 [INFO] ApiDb:250 - Set database path to: C:\Users\adam.lin.CORETRONIC\.stmcufinder\plugins\mcufinder//mcu/
2025-11-23 01:03:49,900 [WARN] DbFile:41 - Overriding database path with different value: C:\Users\adam.lin.CORETRONIC\.stmcufinder\plugins\mcufinder/ => C:\Users\adam.lin.CORETRONIC\.stmcufinder\plugins\mcufinder
2025-11-23 01:03:49,900 [INFO] DbMcusAds:125 - Set database path to: C:\Users\adam.lin.CORETRONIC\.stmcufinder\plugins\mcufinder//mcu/
2025-11-23 01:03:49,900 [WARN] DbFile:41 - Overriding database path with different value: C:\Users\adam.lin.CORETRONIC\.stmcufinder\plugins\mcufinder/ => C:\Users\adam.lin.CORETRONIC\.stmcufinder\plugins\mcufinder
2025-11-23 01:03:49,900 [WARN] DbFile:41 - Overriding database path with different value: C:\Users\adam.lin.CORETRONIC\.stmcufinder\plugins\mcufinder/ => C:\Users\adam.lin.CORETRONIC\.stmcufinder\plugins\mcufinder
2025-11-23 01:03:49,900 [INFO] CrossReferenceDbSqlite:203 - Set database path to: C:\Users\adam.lin.CORETRONIC\.stmcufinder\plugins\mcufinder//mcu/cs/
2025-11-23 01:03:49,937 [INFO] ApplicationProperties:184 - Using Application install path: D:\app\ST\STM32CubeIDE_1.19.0\STM32CubeIDE\plugins\com.st.stm32cube.common.mx_6.15.0.202507011659
2025-11-23 01:03:49,938 [INFO] PluginManage:196 - Search for loadable plugins [exclusion list=, ]
2025-11-23 01:03:49,939 [INFO] PluginManage:310 - Check plugin analytics
2025-11-23 01:03:50,176 [INFO] AnalyticsPlugin:253 - Accepted Software Licenses: 
2025-11-23 01:03:50,176 [INFO] AnalyticsPlugin:255 - Accepted CMSIS Pack Licenses: 
2025-11-23 01:03:50,177 [INFO] AnalyticsPlugin:257 - Accepted Firmware Licenses: FW.F4.1.28.0
2025-11-23 01:03:50,182 [INFO] PluginManage:359 - Loaded plugin analytics (category:tool,tabindex:-1)
2025-11-23 01:03:50,182 [INFO] PluginManage:310 - Check plugin cadmodel
2025-11-23 01:03:50,189 [INFO] CADModel:105 - Init CAD model plugin
2025-11-23 01:03:50,190 [INFO] PluginManage:359 - Loaded plugin cadmodel (category:power,tabindex:5)
2025-11-23 01:03:50,190 [INFO] PluginManage:310 - Check plugin clock
2025-11-23 01:03:50,200 [INFO] PluginManage:359 - Loaded plugin clock (category:base,tabindex:2)
2025-11-23 01:03:50,201 [INFO] PluginManage:310 - Check plugin ddr
2025-11-23 01:03:50,204 [INFO] PluginManage:359 - Loaded plugin ddr (category:tool,tabindex:6)
2025-11-23 01:03:50,205 [INFO] PluginManage:310 - Check plugin filemanager
2025-11-23 01:03:50,349 [INFO] PluginManage:359 - Loaded plugin filemanager (category:base,tabindex:10)
2025-11-23 01:03:50,350 [INFO] PluginManage:310 - Check plugin ipmanager
2025-11-23 01:03:50,376 [INFO] PluginManage:359 - Loaded plugin ipmanager (category:base,tabindex:5)
2025-11-23 01:03:50,377 [INFO] PluginManage:310 - Check plugin lpbam
2025-11-23 01:03:50,383 [INFO] PluginManage:359 - Loaded plugin lpbam (category:base,tabindex:0)
2025-11-23 01:03:50,383 [INFO] PluginManage:310 - Check plugin memorymap
2025-11-23 01:03:50,395 [INFO] PluginManage:359 - Loaded plugin memorymap (category:base,tabindex:4)
2025-11-23 01:03:50,395 [INFO] PluginManage:310 - Check plugin pinoutandconfiguration
2025-11-23 01:03:50,402 [INFO] PluginManage:359 - Loaded plugin pinoutandconfiguration (category:base,tabindex:1)
2025-11-23 01:03:50,402 [INFO] PluginManage:310 - Check plugin pinoutconfig
2025-11-23 01:03:50,490 [WARN] SupportedApi:132 - Cannot load RTOS API schema: s4s-elt-must-match.1: The content of 'definitions' must match (annotation?, (simpleType | complexType)?, (unique | key | keyref)*)). A problem was found starting at: attribute.
2025-11-23 01:03:50,573 [INFO] PluginManage:359 - Loaded plugin pinoutconfig (category:base,tabindex:0)
2025-11-23 01:03:50,573 [INFO] PluginManage:310 - Check plugin power
2025-11-23 01:03:50,579 [INFO] PluginManage:359 - Loaded plugin power (category:power,tabindex:4)
2025-11-23 01:03:50,579 [INFO] PluginManage:310 - Check plugin projectmanager
2025-11-23 01:03:50,595 [INFO] PluginManage:359 - Loaded plugin projectmanager (category:projectmanager,tabindex:4)
2025-11-23 01:03:50,595 [INFO] PluginManage:310 - Check plugin rif
2025-11-23 01:03:50,601 [INFO] PluginManage:359 - Loaded plugin rif (category:base,tabindex:3)
2025-11-23 01:03:50,601 [INFO] PluginManage:310 - Check plugin thirdparty
2025-11-23 01:03:50,717 [INFO] PluginManage:359 - Loaded plugin thirdparty (category:base,tabindex:-1)
2025-11-23 01:03:50,717 [INFO] PluginManage:310 - Check plugin tools
2025-11-23 01:03:50,717 [WARN] IntegrityCheckThread:84 - waiting for thirdparty lock release [integrity check]
2025-11-23 01:03:50,718 [INFO] IntegrityCheckThread:86 - entering critical section [integrity check]
2025-11-23 01:03:50,718 [INFO] ThirdPartyUpdaterWithRetryManager:70 - Updater plugin not ready yet. [1/15]
2025-11-23 01:03:50,721 [INFO] PluginManage:359 - Loaded plugin tools (category:base,tabindex:7)
2025-11-23 01:03:50,721 [INFO] PluginManage:310 - Check plugin tutovideos
2025-11-23 01:03:50,840 [INFO] PluginManage:359 - Loaded plugin tutovideos (category:base,tabindex:-1)
2025-11-23 01:03:50,841 [INFO] PluginManage:310 - Check plugin updater
2025-11-23 01:03:50,858 [INFO] PluginManage:359 - Loaded plugin updater (category:base,tabindex:12)
2025-11-23 01:03:50,858 [INFO] PluginManage:310 - Check plugin userauth
2025-11-23 01:03:50,861 [INFO] UserAuth:118 - Init User Auth plugin
2025-11-23 01:03:50,861 [INFO] PluginManage:359 - Loaded plugin userauth (category:base,tabindex:14)
2025-11-23 01:03:50,862 [INFO] PluginManage:283 - PluginManage : Loaded plugins [18]
2025-11-23 01:03:51,214 [INFO] PinOutPanel:1589 - setPackage(No Configuration,No Configuration)
2025-11-23 01:03:51,404 [INFO] CADModel:165 - CPN selected for project level
2025-11-23 01:03:51,405 [INFO] CADModel:114 - Register for checkConnection events
2025-11-23 01:03:51,416 [INFO] IPUIPlugin:80 - create IPUIPlugin
2025-11-23 01:03:51,416 [INFO] PluginManager:220 - loadIPPluginJar : add adc
2025-11-23 01:03:51,418 [INFO] IPUIPlugin:80 - create IPUIPlugin
2025-11-23 01:03:51,418 [INFO] PluginManager:220 - loadIPPluginJar : add aes
2025-11-23 01:03:51,421 [INFO] IPUIPlugin:80 - create IPUIPlugin
2025-11-23 01:03:51,421 [INFO] PluginManager:220 - loadIPPluginJar : add can
2025-11-23 01:03:51,422 [INFO] IPUIPlugin:80 - create IPUIPlugin
2025-11-23 01:03:51,422 [INFO] PluginManager:220 - loadIPPluginJar : add comp
2025-11-23 01:03:51,424 [INFO] IPUIPlugin:80 - create IPUIPlugin
2025-11-23 01:03:51,424 [INFO] PluginManager:220 - loadIPPluginJar : add cryp
2025-11-23 01:03:51,426 [INFO] IPUIPlugin:80 - create IPUIPlugin
2025-11-23 01:03:51,427 [INFO] PluginManager:220 - loadIPPluginJar : add ddr_ctrl_phy
2025-11-23 01:03:51,429 [INFO] IPUIPlugin:80 - create IPUIPlugin
2025-11-23 01:03:51,429 [INFO] PluginManager:220 - loadIPPluginJar : add dfsdm
2025-11-23 01:03:51,433 [INFO] IPUIPlugin:80 - create IPUIPlugin
2025-11-23 01:03:51,433 [INFO] PluginManager:220 - loadIPPluginJar : add dma
2025-11-23 01:03:51,436 [INFO] IPUIPlugin:80 - create IPUIPlugin
2025-11-23 01:03:51,436 [INFO] PluginManager:220 - loadIPPluginJar : add dma3
2025-11-23 01:03:51,439 [INFO] IPUIPlugin:80 - create IPUIPlugin
2025-11-23 01:03:51,439 [INFO] PluginManager:220 - loadIPPluginJar : add extmemmanager
2025-11-23 01:03:51,441 [INFO] IPUIPlugin:80 - create IPUIPlugin
2025-11-23 01:03:51,441 [INFO] PluginManager:220 - loadIPPluginJar : add fatfs
2025-11-23 01:03:51,445 [INFO] IPUIPlugin:80 - create IPUIPlugin
2025-11-23 01:03:51,445 [INFO] PluginManager:220 - loadIPPluginJar : add fmc
2025-11-23 01:03:51,448 [INFO] IPUIPlugin:80 - create IPUIPlugin
2025-11-23 01:03:51,449 [INFO] PluginManager:220 - loadIPPluginJar : add freertos
2025-11-23 01:03:51,450 [INFO] IPUIPlugin:80 - create IPUIPlugin
2025-11-23 01:03:51,450 [INFO] PluginManager:220 - loadIPPluginJar : add genericplugin
2025-11-23 01:03:51,452 [INFO] IPUIPlugin:80 - create IPUIPlugin
2025-11-23 01:03:51,452 [INFO] PluginManager:220 - loadIPPluginJar : add gfxmmu
2025-11-23 01:03:51,456 [INFO] IPUIPlugin:80 - create IPUIPlugin
2025-11-23 01:03:51,456 [INFO] PluginManager:220 - loadIPPluginJar : add gic
2025-11-23 01:03:51,460 [INFO] IPUIPlugin:80 - create IPUIPlugin
2025-11-23 01:03:51,460 [INFO] PluginManager:220 - loadIPPluginJar : add gpio
2025-11-23 01:03:51,461 [INFO] IPUIPlugin:80 - create IPUIPlugin
2025-11-23 01:03:51,461 [INFO] PluginManager:220 - loadIPPluginJar : add gtzc
2025-11-23 01:03:51,463 [INFO] IPUIPlugin:80 - create IPUIPlugin
2025-11-23 01:03:51,463 [INFO] PluginManager:220 - loadIPPluginJar : add hash
2025-11-23 01:03:51,465 [INFO] IPUIPlugin:80 - create IPUIPlugin
2025-11-23 01:03:51,465 [INFO] PluginManager:220 - loadIPPluginJar : add i2c
2025-11-23 01:03:51,466 [INFO] IPUIPlugin:80 - create IPUIPlugin
2025-11-23 01:03:51,466 [INFO] PluginManager:220 - loadIPPluginJar : add i2s
2025-11-23 01:03:51,468 [INFO] IPUIPlugin:80 - create IPUIPlugin
2025-11-23 01:03:51,468 [INFO] PluginManager:220 - loadIPPluginJar : add i3c
2025-11-23 01:03:51,471 [INFO] IPUIPlugin:80 - create IPUIPlugin
2025-11-23 01:03:51,471 [INFO] PluginManager:220 - loadIPPluginJar : add ipddr
2025-11-23 01:03:51,475 [INFO] IPUIPlugin:80 - create IPUIPlugin
2025-11-23 01:03:51,475 [INFO] PluginManager:220 - loadIPPluginJar : add linkedlist
2025-11-23 01:03:51,478 [INFO] IPUIPlugin:80 - create IPUIPlugin
2025-11-23 01:03:51,478 [INFO] PluginManager:220 - loadIPPluginJar : add lorawan
2025-11-23 01:03:51,479 [INFO] IPUIPlugin:80 - create IPUIPlugin
2025-11-23 01:03:51,479 [INFO] PluginManager:220 - loadIPPluginJar : add ltdc
2025-11-23 01:03:51,482 [INFO] IPUIPlugin:80 - create IPUIPlugin
2025-11-23 01:03:51,482 [INFO] PluginManager:220 - loadIPPluginJar : add mdma
2025-11-23 01:03:51,484 [INFO] IPUIPlugin:80 - create IPUIPlugin
2025-11-23 01:03:51,484 [INFO] PluginManager:220 - loadIPPluginJar : add nvic
2025-11-23 01:03:51,486 [INFO] IPUIPlugin:80 - create IPUIPlugin
2025-11-23 01:03:51,486 [INFO] PluginManager:220 - loadIPPluginJar : add opamp
2025-11-23 01:03:51,488 [INFO] IPUIPlugin:80 - create IPUIPlugin
2025-11-23 01:03:51,488 [INFO] PluginManager:220 - loadIPPluginJar : add openamp
2025-11-23 01:03:51,490 [INFO] IPUIPlugin:80 - create IPUIPlugin
2025-11-23 01:03:51,490 [INFO] PluginManager:220 - loadIPPluginJar : add pdm2pcm
2025-11-23 01:03:51,493 [INFO] IPUIPlugin:80 - create IPUIPlugin
2025-11-23 01:03:51,494 [INFO] PluginManager:220 - loadIPPluginJar : add plateformsettings
2025-11-23 01:03:51,495 [INFO] IPUIPlugin:80 - create IPUIPlugin
2025-11-23 01:03:51,496 [INFO] PluginManager:220 - loadIPPluginJar : add quadspi
2025-11-23 01:03:51,497 [INFO] IPUIPlugin:80 - create IPUIPlugin
2025-11-23 01:03:51,497 [INFO] PluginManager:220 - loadIPPluginJar : add radio
2025-11-23 01:03:51,499 [INFO] IPUIPlugin:80 - create IPUIPlugin
2025-11-23 01:03:51,499 [INFO] PluginManager:220 - loadIPPluginJar : add resmgrutility
2025-11-23 01:03:51,501 [INFO] IPUIPlugin:80 - create IPUIPlugin
2025-11-23 01:03:51,501 [INFO] PluginManager:220 - loadIPPluginJar : add sai
2025-11-23 01:03:51,502 [INFO] IPUIPlugin:80 - create IPUIPlugin
2025-11-23 01:03:51,502 [INFO] PluginManager:220 - loadIPPluginJar : add spi
2025-11-23 01:03:51,506 [INFO] IPUIPlugin:80 - create IPUIPlugin
2025-11-23 01:03:51,506 [INFO] PluginManager:220 - loadIPPluginJar : add stm32_wpan
2025-11-23 01:03:51,507 [INFO] IPUIPlugin:80 - create IPUIPlugin
2025-11-23 01:03:51,507 [INFO] PluginManager:220 - loadIPPluginJar : add tim
2025-11-23 01:03:51,509 [INFO] IPUIPlugin:80 - create IPUIPlugin
2025-11-23 01:03:51,509 [INFO] PluginManager:220 - loadIPPluginJar : add touchsensing
2025-11-23 01:03:51,510 [INFO] IPUIPlugin:80 - create IPUIPlugin
2025-11-23 01:03:51,510 [INFO] PluginManager:220 - loadIPPluginJar : add tracer_emb
2025-11-23 01:03:51,512 [INFO] IPUIPlugin:80 - create IPUIPlugin
2025-11-23 01:03:51,512 [INFO] PluginManager:220 - loadIPPluginJar : add ts
2025-11-23 01:03:51,513 [INFO] IPUIPlugin:80 - create IPUIPlugin
2025-11-23 01:03:51,513 [INFO] PluginManager:220 - loadIPPluginJar : add tsc
2025-11-23 01:03:51,515 [INFO] IPUIPlugin:80 - create IPUIPlugin
2025-11-23 01:03:51,515 [INFO] PluginManager:220 - loadIPPluginJar : add ucpd
2025-11-23 01:03:51,516 [INFO] IPUIPlugin:80 - create IPUIPlugin
2025-11-23 01:03:51,516 [INFO] PluginManager:220 - loadIPPluginJar : add usart
2025-11-23 01:03:51,518 [INFO] IPUIPlugin:80 - create IPUIPlugin
2025-11-23 01:03:51,518 [INFO] PluginManager:220 - loadIPPluginJar : add usbx
2025-11-23 01:03:51,690 [FATAL] Updater:351 - Updater called before beeing initialized
2025-11-23 01:03:51,710 [INFO] RulesReader:64 - Compatibility file has been processed (317 Rules)
2025-11-23 01:03:51,718 [INFO] RulesReader:64 - Compatibility file has been processed (317 Rules)
2025-11-23 01:03:51,728 [INFO] CADModel:165 - CPN selected for project level
2025-11-23 01:03:51,728 [INFO] CADModel:114 - Register for checkConnection events
2025-11-23 01:03:51,728 [FATAL] Updater:351 - Updater called before beeing initialized
2025-11-23 01:03:51,728 [ERROR] CADModel:125 - Updater not yet initialized, retry later 
2025-11-23 01:03:51,845 [FATAL] Updater:351 - Updater called before beeing initialized
2025-11-23 01:03:51,846 [INFO] CADModel:165 - CPN selected for project level
2025-11-23 01:03:51,846 [INFO] CADModel:114 - Register for checkConnection events
2025-11-23 01:03:51,846 [FATAL] Updater:351 - Updater called before beeing initialized
2025-11-23 01:03:51,846 [ERROR] CADModel:125 - Updater not yet initialized, retry later 
2025-11-23 01:03:51,848 [FATAL] Updater:351 - Updater called before beeing initialized
2025-11-23 01:03:52,034 [FATAL] Updater:351 - Updater called before beeing initialized
2025-11-23 01:03:52,037 [INFO] DbMcusAds:53 - JSON generation date=Mon Nov 10 18:43:00 CST 2025 (1762771380761)
2025-11-23 01:03:52,037 [FATAL] Updater:351 - Updater called before beeing initialized
2025-11-23 01:03:52,070 [WARN] DetailPanel:346 - Failed to get advertising image, set to default
2025-11-23 01:03:52,174 [FATAL] Updater:351 - Updater called before beeing initialized
2025-11-23 01:03:52,176 [FATAL] Updater:351 - Updater called before beeing initialized
2025-11-23 01:03:52,177 [FATAL] Updater:351 - Updater called before beeing initialized
2025-11-23 01:03:52,177 [WARN] DetailPanel:346 - Failed to get advertising image, set to default
2025-11-23 01:03:52,178 [FATAL] Updater:351 - Updater called before beeing initialized
2025-11-23 01:03:52,241 [ERROR] Updater:1198 - MainUpdater not yet initialized. External WinMGr cannot be set.
2025-11-23 01:03:52,242 [INFO] Updater:1134 - Updater Version found : 6.15.0
2025-11-23 01:03:52,253 [INFO] ApplicationProperties:184 - Using Application install path: D:\app\ST\STM32CubeIDE_1.19.0\STM32CubeIDE\plugins\com.st.stm32cube.common.mx_6.15.0.202507011659
2025-11-23 01:03:53,723 [INFO] ThirdPartyUpdaterWithRetryManager:70 - Updater plugin not ready yet. [2/15]
2025-11-23 01:03:53,882 [ERROR] LogOutputStream:75 - [STDERR_REDIRECT] Nov 23, 2025 1:03:53 AM java.util.prefs.WindowsPreferences <init>
2025-11-23 01:03:53,884 [ERROR] LogOutputStream:75 - [STDERR_REDIRECT] WARNING: Could not open/create prefs root node Software\JavaSoft\Prefs at root 0xffffffff80000002. Windows RegCreateKeyEx(...) returned error code 5.
2025-11-23 01:03:53,884 [ERROR] LogOutputStream:75 - [STDERR_REDIRECT] 
2025-11-23 01:03:54,196 [INFO] MainUpdater:2872 - connection check result : 10
2025-11-23 01:03:54,196 [INFO] MainUpdater:289 - Updater Check For Update Now.
2025-11-23 01:03:54,196 [INFO] MicroXplorer:498 - Change Database Version : DB.6.0.150
2025-11-23 01:03:54,201 [INFO] McuFinderGlobals:63 - Set McuFinder mode to 2 (CubeIDE integrated)
2025-11-23 01:03:54,202 [INFO] UserAuth:487 - Internet connection configuration mode: 1
2025-11-23 01:03:54,220 [INFO] JxBrowserEngine:152 - Initiate JxBrowser Engine with user profile folder
2025-11-23 01:03:54,397 [INFO] CheckServerUpdateThread:120 - End of CheckServer Thread
2025-11-23 01:03:54,879 [INFO] WebApp:169 - Instantiating new browser for Auth
2025-11-23 01:03:55,628 [INFO] WebApp:463 - Apply proxy settings
2025-11-23 01:03:55,628 [INFO] WebApp:548 - Chromium requires no authentication
2025-11-23 01:03:55,634 [INFO] WebApp:491 - Direct internet connection detected
2025-11-23 01:03:55,649 [INFO] WebApp:900 - Register for checkConnection events
2025-11-23 01:03:55,649 [INFO] WebApp:463 - Apply proxy settings
2025-11-23 01:03:55,649 [INFO] WebApp:548 - Chromium requires no authentication
2025-11-23 01:03:55,650 [INFO] WebApp:491 - Direct internet connection detected
2025-11-23 01:03:55,743 [INFO] WebApp:225 - Starting web application
2025-11-23 01:03:55,744 [INFO] WebApp:593 - Web application path used D:\app\ST\STM32CubeIDE_1.19.0\STM32CubeIDE\plugins\com.st.stm32cube.common.mx_6.15.0.202507011659\db\plugins\mcufinder\reactClient1\index.html
2025-11-23 01:03:55,810 [INFO] UserAuth:487 - Internet connection configuration mode: 1
2025-11-23 01:03:56,059 [INFO] WebApp:191 - Connection restablished
2025-11-23 01:03:57,008 [WARN] PackLoader:240 - Cannot read IP mode file for STMicroelectronics.FP-SNS-MOTENVWB1.1.4.0
2025-11-23 01:03:57,016 [WARN] PackLoader:240 - Cannot read IP mode file for STMicroelectronics.FP-ATR-ASTRA1.2.0.2
2025-11-23 01:03:57,022 [WARN] PackLoader:240 - Cannot read IP mode file for STMicroelectronics.X-CUBE-SMBUS.2.1.0
2025-11-23 01:03:57,046 [WARN] PackLoader:240 - Cannot read IP mode file for STMicroelectronics.X-CUBE-AZRTOS-F7.1.1.0
2025-11-23 01:03:57,054 [WARN] PackLoader:240 - Cannot read IP mode file for Cesanta.I-CUBE-Mongoose.7.19.0
2025-11-23 01:03:57,061 [WARN] PackLoader:240 - Cannot read IP mode file for STMicroelectronics.FP-SNS-MOTENV1.5.1.0
2025-11-23 01:03:57,077 [WARN] PackLoader:240 - Cannot read IP mode file for WES.I-CUBE-Cesium.1.4.0
2025-11-23 01:03:57,098 [WARN] PackLoader:240 - Cannot read IP mode file for Infineon.AIROC-Wi-Fi-Bluetooth-STM32.1.7.1
2025-11-23 01:03:57,125 [WARN] PackLoader:240 - Cannot read IP mode file for STMicroelectronics.X-CUBE-AZRTOS-H7.3.4.0
2025-11-23 01:03:57,138 [WARN] PackLoader:240 - Cannot read IP mode file for STMicroelectronics.X-CUBE-DISPLAY.3.0.0
2025-11-23 01:03:57,154 [WARN] PackLoader:240 - Cannot read IP mode file for STMicroelectronics.X-CUBE-NFC10.1.0.0
2025-11-23 01:03:57,163 [WARN] PackLoader:240 - Cannot read IP mode file for STMicroelectronics.X-CUBE-ST60.1.1.0
2025-11-23 01:03:57,170 [WARN] PackLoader:240 - Cannot read IP mode file for emotas.I-CUBE-CANOPEN.1.3.0
2025-11-23 01:03:57,178 [WARN] PackLoader:240 - Cannot read IP mode file for STMicroelectronics.X-CUBE-GNSS1.7.1.0
2025-11-23 01:03:57,187 [WARN] PackLoader:240 - Cannot read IP mode file for STMicroelectronics.FP-SNS-STBOX1.2.1.0
2025-11-23 01:03:57,196 [WARN] PackLoader:240 - Cannot read IP mode file for STMicroelectronics.FP-SNS-SMARTAG2.1.2.0
2025-11-23 01:03:57,202 [WARN] PackLoader:240 - Cannot read IP mode file for STMicroelectronics.FP-SNS-FLIGHT1.5.1.0
2025-11-23 01:03:57,212 [INFO] LogOutputStream:77 - [STDOUT_REDIRECT] 1 : Invalid condition id : UX_CORESTACK_Condition cause : null
2025-11-23 01:03:57,213 [INFO] LogOutputStream:77 - [STDOUT_REDIRECT] 1 : Invalid condition id : UX_CORESTACK_Condition cause : null
2025-11-23 01:03:57,215 [INFO] LogOutputStream:77 - [STDOUT_REDIRECT] 1 : Invalid condition id : UX_CORESTACK_Condition cause : null
2025-11-23 01:03:57,216 [INFO] LogOutputStream:77 - [STDOUT_REDIRECT] 1 : Invalid condition id : UX_CORESTACK_Condition cause : null
2025-11-23 01:03:57,217 [INFO] LogOutputStream:77 - [STDOUT_REDIRECT] 1 : Invalid condition id : UX_CORESTACK_Condition cause : null
2025-11-23 01:03:57,219 [WARN] PackLoader:240 - Cannot read IP mode file for STMicroelectronics.X-CUBE-AZRTOS-WL.2.0.0
2025-11-23 01:03:57,243 [WARN] PackLoader:240 - Cannot read IP mode file for STMicroelectronics.X-CUBE-AZRTOS-H7RS.1.2.0
2025-11-23 01:03:57,253 [WARN] PackLoader:240 - Cannot read IP mode file for STMicroelectronics.X-CUBE-BLE2.3.3.0
2025-11-23 01:03:57,301 [WARN] PackLoader:240 - Cannot read IP mode file for STMicroelectronics.X-CUBE-NFC9.1.0.0
2025-11-23 01:03:57,310 [WARN] PackLoader:240 - Cannot read IP mode file for wolfSSL.I-CUBE-wolfSSL.5.8.2
2025-11-23 01:03:57,316 [WARN] PackLoader:240 - Cannot read IP mode file for STMicroelectronics.X-CUBE-BLE1.7.1.0
2025-11-23 01:03:57,322 [WARN] PackLoader:240 - Cannot read IP mode file for wolfSSL.I-CUBE-wolfMQTT.1.19.2
2025-11-23 01:03:57,330 [WARN] PackLoader:240 - Cannot read IP mode file for STMicroelectronics.X-CUBE-FREERTOS.1.4.0
2025-11-23 01:03:57,335 [WARN] PackLoader:240 - Cannot read IP mode file for STMicroelectronics.X-CUBE-EEPRMA1.5.2.0
2025-11-23 01:03:57,343 [WARN] PackLoader:240 - Cannot read IP mode file for STMicroelectronics.X-CUBE-ST67W61.1.1.0
2025-11-23 01:03:57,354 [WARN] PackLoader:240 - Cannot read IP mode file for STMicroelectronics.X-CUBE-AZRTOS-G0.1.1.0
2025-11-23 01:03:57,361 [WARN] PackLoader:240 - Cannot read IP mode file for STMicroelectronics.X-CUBE-SAFEA1.1.2.2
2025-11-23 01:03:57,367 [WARN] PackLoader:240 - Cannot read IP mode file for STMicroelectronics.X-CUBE-NFC4.3.0.0
2025-11-23 01:03:57,380 [WARN] PackLoader:240 - Cannot read IP mode file for EmbeddedOffice.I-CUBE-FS-RTOS.1.0.1
2025-11-23 01:03:57,388 [WARN] PackLoader:240 - Cannot read IP mode file for STMicroelectronics.X-CUBE-WB05N.2.0.0
2025-11-23 01:03:57,400 [WARN] PackLoader:240 - Cannot read IP mode file for wolfSSL.I-CUBE-wolfTPM.3.8.0
2025-11-23 01:03:57,410 [WARN] PackLoader:240 - Cannot read IP mode file for STMicroelectronics.X-CUBE-TCPP.4.2.0
2025-11-23 01:03:57,426 [WARN] PackLoader:240 - Cannot read IP mode file for RealThread.X-CUBE-RT-Thread_Nano.4.1.1
2025-11-23 01:03:57,435 [WARN] PackLoader:240 - Cannot read IP mode file for STMicroelectronics.FP-ATR-SIGFOX1.3.2.0
2025-11-23 01:03:57,444 [WARN] PackLoader:240 - Cannot read IP mode file for ITTIA_DB.I-CUBE-ITTIADB.8.9.0
2025-11-23 01:03:57,452 [WARN] PackLoader:240 - Cannot read IP mode file for STMicroelectronics.X-CUBE-AI.10.2.0
2025-11-23 01:03:57,497 [WARN] PackLoader:240 - Cannot read IP mode file for SEGGER.I-CUBE-embOS.1.3.1
2025-11-23 01:03:57,549 [WARN] PackLoader:240 - Cannot read IP mode file for STMicroelectronics.X-CUBE-ALGOBUILD.1.4.0
2025-11-23 01:03:57,630 [WARN] PackLoader:240 - Cannot read IP mode file for STMicroelectronics.X-CUBE-MEMS1.11.3.0
2025-11-23 01:03:57,799 [WARN] PackLoader:240 - Cannot read IP mode file for STMicroelectronics.X-CUBE-PM33A1.1.0.0
2025-11-23 01:03:57,818 [WARN] PackLoader:240 - Cannot read IP mode file for STMicroelectronics.X-CUBE-AZRTOS-F4.1.1.0
2025-11-23 01:03:57,826 [WARN] PackLoader:240 - Cannot read IP mode file for STMicroelectronics.X-CUBE-ISPU.2.1.0
2025-11-23 01:03:57,842 [WARN] PackLoader:240 - Cannot read IP mode file for STMicroelectronics.X-CUBE-IPS.3.2.0
2025-11-23 01:03:57,854 [WARN] PackLoader:240 - Cannot read IP mode file for STMicroelectronics.X-CUBE-NFC12.1.0.0
2025-11-23 01:03:57,869 [WARN] PackLoader:240 - Cannot read IP mode file for STMicroelectronics.X-CUBE-AZRTOS-L5.2.0.0
2025-11-23 01:03:57,878 [WARN] PackLoader:240 - Cannot read IP mode file for STMicroelectronics.X-CUBE-NFC6.3.1.0
2025-11-23 01:03:57,885 [WARN] PackLoader:240 - Cannot read IP mode file for STMicroelectronics.X-CUBE-FREERTOS.1.3.1
2025-11-23 01:03:57,895 [WARN] PackLoader:240 - Cannot read IP mode file for STMicroelectronics.X-CUBE-TOUCHGFX.4.26.0
2025-11-23 01:03:57,902 [WARN] PackLoader:240 - Cannot read IP mode file for STMicroelectronics.FP-SNS-STAIOTCFT.1.0.0
2025-11-23 01:03:57,910 [WARN] PackLoader:240 - Cannot read IP mode file for STMicroelectronics.X-CUBE-DPower.1.3.0
2025-11-23 01:03:57,933 [WARN] ConditionMgr:438 - getConditionDescription Invalid condition id : LAN8742 Phy interface Condition cause : null
2025-11-23 01:03:57,934 [WARN] PackLoader:240 - Cannot read IP mode file for STMicroelectronics.X-CUBE-AZRTOS-L4.2.0.0
2025-11-23 01:03:57,935 [WARN] ConditionMgr:1044 - genDependencies : Invalid condition id : LAN8742 Phy interface Condition cause : null
2025-11-23 01:03:57,935 [WARN] ConditionMgr:1044 - genDependencies : Invalid condition id : LAN8742 Phy interface Condition cause : null
2025-11-23 01:03:57,935 [WARN] ConditionMgr:1044 - genDependencies : Invalid condition id : LAN8742 Phy interface Condition cause : null
2025-11-23 01:03:57,946 [WARN] PackLoader:240 - Cannot read IP mode file for STMicroelectronics.X-CUBE-SFXS2LP1.4.0.0
2025-11-23 01:03:57,956 [WARN] PackLoader:240 - Cannot read IP mode file for STMicroelectronics.X-CUBE-BLEMGR.4.1.0
2025-11-23 01:03:57,970 [WARN] ConditionMgr:438 - getConditionDescription Invalid condition id : UX DEVICE CLASS RTOS Condition cause : null
2025-11-23 01:03:57,970 [WARN] ConditionMgr:438 - getConditionDescription Invalid condition id : UX DEVICE CLASS RTOS Condition cause : null
2025-11-23 01:03:57,971 [WARN] PackLoader:240 - Cannot read IP mode file for STMicroelectronics.X-CUBE-AZRTOS-WB.2.0.0
2025-11-23 01:03:57,971 [WARN] ConditionMgr:1044 - genDependencies : Invalid condition id : UX DEVICE CLASS RTOS Condition cause : null
2025-11-23 01:03:57,971 [WARN] ConditionMgr:1044 - genDependencies : Invalid condition id : UX DEVICE CLASS RTOS Condition cause : null
2025-11-23 01:03:57,971 [WARN] ConditionMgr:1044 - genDependencies : Invalid condition id : UX DEVICE CLASS RTOS Condition cause : null
2025-11-23 01:03:57,971 [WARN] ConditionMgr:1044 - genDependencies : Invalid condition id : UX DEVICE CLASS RTOS Condition cause : null
2025-11-23 01:03:57,971 [WARN] ConditionMgr:1044 - genDependencies : Invalid condition id : UX DEVICE CLASS RTOS Condition cause : null
2025-11-23 01:03:57,980 [WARN] ConditionMgr:438 - getConditionDescription Invalid condition id : Cortex-A Device cause : null
2025-11-23 01:03:58,006 [WARN] ConditionMgr:1044 - genDependencies : Invalid condition id : Cortex-A Device cause : null
2025-11-23 01:03:58,007 [WARN] ConditionMgr:1044 - genDependencies : Invalid condition id : Cortex-A Device cause : null
2025-11-23 01:03:58,008 [WARN] ConditionMgr:1044 - genDependencies : Invalid condition id : Cortex-A Device cause : null
2025-11-23 01:03:58,017 [WARN] PackLoader:240 - Cannot read IP mode file for STMicroelectronics.X-CUBE-SUBG2.5.0.0
2025-11-23 01:03:58,029 [WARN] PackLoader:240 - Cannot read IP mode file for STMicroelectronics.X-CUBE-AZRTOS-H7RS.1.1.0
2025-11-23 01:03:58,040 [WARN] PackLoader:240 - Cannot read IP mode file for STMicroelectronics.X-CUBE-AZRTOS-G4.2.0.0
2025-11-23 01:03:58,047 [WARN] PackLoader:240 - Cannot read IP mode file for wolfSSL.I-CUBE-wolfSSH.1.4.20
2025-11-23 01:03:58,053 [WARN] PackLoader:240 - Cannot read IP mode file for STMicroelectronics.X-CUBE-NFC7.2.0.0
2025-11-23 01:03:58,061 [WARN] PackLoader:240 - Cannot read IP mode file for STMicroelectronics.X-CUBE-ALS.1.0.2
2025-11-23 01:03:58,069 [WARN] PackLoader:240 - Cannot read IP mode file for STMicroelectronics.X-CUBE-STSE01.1.0.0
2025-11-23 01:03:58,078 [WARN] PackLoader:240 - Cannot read IP mode file for STMicroelectronics.X-CUBE-TOF1.3.4.3
2025-11-23 01:03:58,089 [INFO] ThirdParty:978 - Integrity check success = true
2025-11-23 01:03:58,089 [INFO] IntegrityCheckThread:100 - exiting critical section [integrity check]
2025-11-23 01:03:58,090 [INFO] IntegrityCheckThread:103 - End integrity checks thread
